{"timestamp":"2025-08-01T12:42:49.075Z","phone":"33783380****","contact_name":"SC","message_in":"Kekete","message_out":"Salut SC ! 😊\n\nMerci pour votre message ! Je suis LUMA, l'assistante d'Anne-Sophie pour Harley Vape.","intent":"general","source":"baileys"}
{"timestamp":"2025-08-01T12:42:54.994Z","phone":"33744964****","contact_name":"Anne So","message_in":"Salut","message_out":"Salut Anne So ! 😊\n\nMerci pour votre message ! Je suis LUMA, l'assistante d'Anne-Sophie pour Harley ","intent":"greeting","source":"baileys"}
{"timestamp":"2025-08-01T12:51:34.924Z","phone":"33744964****","contact_name":"Anne So","message_in":"Salut Luma, le magasin est il ouvert ?","message_out":"Salut Anne So ! 😊\n\nMerci pour votre message ! Je suis LUMA, l'assistante d'Anne-Sophie pour Harley ","intent":"greeting","source":"baileys"}
{"timestamp":"2025-08-01T12:51:43.874Z","phone":"33744964****","contact_name":"Anne So","message_in":"?","message_out":"Salut Anne So ! 😊\n\nMerci pour votre message ! Je suis LUMA, l'assistante d'Anne-Sophie pour Harley ","intent":"general","source":"baileys"}
{"timestamp":"2025-08-01T12:56:32.115Z","phone":"33744964****","contact_name":"Anne So","message_in":"Hello, is the store open?","message_out":"Salut Anne So ! 😊\n\nMerci pour votre message ! Je suis LUMA, l'assistante d'Anne-Sophie pour Harley ","intent":"greeting","source":"baileys"}
{"timestamp":"2025-08-01T12:56:51.410Z","phone":"33744964****","contact_name":"Anne So","message_in":"Speak english ?","message_out":"Salut Anne So ! 😊\n\nMerci pour votre message ! Je suis LUMA, l'assistante d'Anne-Sophie pour Harley ","intent":"general","source":"baileys"}
{"timestamp":"2025-08-01T12:58:51.422Z","phone":"33744964****","contact_name":"Anne So","message_in":"Hello, is the store open?","message_out":"Salut Anne So ! 😊\n\nMerci pour votre message ! Je suis LUMA, l'assistante d'Anne-Sophie pour Harley ","intent":"greeting","source":"baileys"}
{"timestamp":"2025-08-01T12:59:22.094Z","phone":"33744964****","contact_name":"Anne So","message_in":"?","message_out":"Salut Anne So ! 😊\n\nMerci pour votre message ! Je suis LUMA, l'assistante d'Anne-Sophie pour Harley ","intent":"general","source":"baileys"}
{"timestamp":"2025-08-01T13:01:38.862Z","phone":"33744964****","contact_name":"Anne So","message_in":"Hello, is the store open?","message_out":"Bonjour Anne So ! 😊\n\nMerci de contacter Harley Vape ! Je suis LUMA, l'assistante digitale d'Anne-So","intent":"greeting","source":"baileys"}
{"timestamp":"2025-08-01T13:03:04.141Z","phone":"33744964****","contact_name":"Anne So","message_in":"Hello, is the store open?","message_out":"Hello Anne So! 😊\n\nThanks for reaching out to Harley Vape! I'm LUMA, Anne-Sophie's digital assistant","intent":"greeting","source":"baileys"}
{"timestamp":"2025-08-01T13:03:32.651Z","phone":"33744964****","contact_name":"Anne So","message_in":"Are you open Luma?","message_out":"Hi Anne So! 😊\n\nThanks for your message! I'm LUMA, Anne-Sophie's assistant for Harley Vape.\n\nHow can","intent":"general","source":"baileys"}
{"timestamp":"2025-08-01T13:18:12.594Z","phone":"33744964****","contact_name":"Anne So","message_in":"Bonjour, est-ce que vous êtes ouverts ?","message_out":"Salut ! 👋 Je suis Luma — l'IA de l'équipe Harley Vape 🌬️🌈🐾\nOn est une équipe cool, toujours ravi","intent":"greeting","source":"baileys"}
{"timestamp":"2025-08-01T13:18:32.614Z","phone":"33744964****","contact_name":"Anne So","message_in":"Cool et vous etes qui ?","message_out":"Salut Anne So ! 😊\n\nMerci pour votre message ! Je suis LUMA, l'assistante d'Anne-Sophie pour Harley ","intent":"general","source":"baileys"}
{"timestamp":"2025-08-01T13:18:45.883Z","phone":"33744964****","contact_name":"Anne So","message_in":"Vous etes qui ?","message_out":"Salut Anne So ! 😊\n\nMerci pour votre message ! Je suis LUMA, l'assistante d'Anne-Sophie pour Harley ","intent":"general","source":"baileys"}
{"timestamp":"2025-08-01T13:23:11.178Z","phone":"33744964****","contact_name":"Anne So","message_in":"Bonjour qui vous êtes","message_out":"😊 Bonjour Anne ! *waves* 🌞 Im so glad you reached out to us! 💕 How can I help you today? Are you ","intent":"greeting","source":"baileys"}
{"timestamp":"2025-08-01T13:23:46.580Z","phone":"33744964****","contact_name":"Anne So","message_in":"u speak french","message_out":"Bonjour Anne ! 😊 Its great to hear from you! *wink* As Luma, the AI assistant of Harley Vape, Im he","intent":"general","source":"baileys"}
{"timestamp":"2025-08-01T13:24:19.780Z","phone":"33744964****","contact_name":"Anne So","message_in":"Okay fine\nHow are u ?","message_out":"😊 Hey there, Anne! 🎉 Its great to hear from you! *winks* How are you doing today? 🤔 Hope everythi","intent":"general","source":"baileys"}
{"timestamp":"2025-08-01T13:52:25.889Z","phone":"33744964****","contact_name":"Anne So","message_in":"Salut vous êtes ouvert ?","message_out":"Bonjour Anne-Sophie ! 😊 Oui, je suis disponible pour répondre à vos questions ou faire des réservat","intent":"greeting","source":"baileys"}
{"timestamp":"2025-08-01T13:52:49.182Z","phone":"33744964****","contact_name":"Anne So","message_in":"Je voudrais connaître vos heures d’ouverture s’il vous plaît","message_out":"Bonjour Anne-Sophie ! 😊 Je suis heureuse de taider. Nos heures douverture sont de 10h à 19h du lund","intent":"general","source":"baileys"}
{"timestamp":"2025-08-01T14:08:28.986Z","phone":"33783380****","contact_name":"SC","message_in":"Caca","message_out":"😊 Bonjour! Comment puis-je vous aider aujourdhui ?\n\n– L'équipe Harley Vape 🧡","intent":"general","source":"baileys"}
{"timestamp":"2025-08-01T14:08:32.206Z","phone":"33744964****","contact_name":"Anne So","message_in":"Bonjour vous êtes ouvert ?","message_out":"😊 Bonjour Anne So ! Oui, nous sommes ouverts tous les jours de 12h00 à 21h00. 📝 Jespère que vous t","intent":"greeting","source":"baileys"}
{"timestamp":"2025-08-01T14:08:36.420Z","phone":"33744964****","contact_name":"Anne So","message_in":"?","message_out":"😊 Bonjour Anne So ! Comment puis-je vous aider aujourdhui ?\n\n– L'équipe Harley Vape 🧡","intent":"general","source":"baileys"}
{"timestamp":"2025-08-01T14:09:01.534Z","phone":"33783380****","contact_name":"SC","message_in":"Est ce que vous êtes ouvert","message_out":"😊 Bonjour ! Oui, nous sommes ouverts tous les jours de 12h00 à 21h00. Nhésitez pas à venir visiter ","intent":"general","source":"baileys"}
{"timestamp":"2025-08-01T14:10:08.210Z","phone":"33783380****","contact_name":"SC","message_in":"שלום מי אתה ?","message_out":"😊 Bonjour Test User ! *wink* Comment ça va ? 😊\n\n– L'équipe Harley Vape 🧡","intent":"general","source":"baileys"}
{"timestamp":"2025-08-01T14:10:33.200Z","phone":"33783380****","contact_name":"SC","message_in":"איך קוראים לך","message_out":"😊 Bonjour ! 🙋‍♀️ Merci davoir contacté Harley Vape ! Comment peut-je vous aider aujourdhui ?\n\n– L'","intent":"general","source":"baileys"}
{"timestamp":"2025-08-01T14:10:46.566Z","phone":"33783380****","contact_name":"SC","message_in":"יש לי שאלה","message_out":"😊 Bonjour ! *adjusts glasses* What can I help you with today?\n\n– L'équipe Harley Vape 🧡","intent":"general","source":"baileys"}
{"timestamp":"2025-08-01T14:11:12.356Z","phone":"33744964****","contact_name":"Anne So","message_in":"Salut c'est qui ?","message_out":"😊 Salut cest Luma ! 🤗 Comment puis-je taider ce jour-là ?\n\n– L'équipe Harley Vape 🧡","intent":"greeting","source":"baileys"}
{"timestamp":"2025-08-01T14:11:28.316Z","phone":"33744964****","contact_name":"Anne So","message_in":"Bonjour, est-ce que vous êtes nouvelles dans la team ?","message_out":"😊 Bonjour Anne So ! *giggles* Oui, Im Luma, your personal WhatsApp assistant for Harley Vape. How c","intent":"greeting","source":"baileys"}
{"timestamp":"2025-08-01T14:11:51.549Z","phone":"33744964****","contact_name":"Anne So","message_in":"You speak french ?","message_out":"😊 Bonjour Anne So ! Oui, je parle français. Comment puis-je vous aider aujourdhui ?\n\n– L'équipe Har","intent":"general","source":"baileys"}
{"timestamp":"2025-08-01T14:12:14.434Z","phone":"33744964****","contact_name":"Anne So","message_in":"Il y a quoi comme produits disponibles au shop ?","message_out":"😊 Bonjour Anne-Sophie ! Il y a un excellent choix de produits disponibles au shop Harley Vape. Nous","intent":"product","source":"baileys"}
{"timestamp":"2025-08-01T14:12:39.892Z","phone":"33744964****","contact_name":"Anne So","message_in":"Geekbar ?","message_out":"😊 Bonjour Anne So ! 🎉 Geekbar ? 🤔 Les horaires du magasin sont de 12h00 à 21h00, 7 jours sur 7. N","intent":"general","source":"baileys"}
{"timestamp":"2025-08-01T14:14:44.294Z","phone":"33744964****","contact_name":"Anne So","message_in":"Tu as geekbar ?","message_out":"😊 Merci pour ta question! Geekbar est une option disponible dans notre boutique. Nous sommes ouvert","intent":"general","source":"baileys"}
{"timestamp":"2025-08-01T14:15:10.243Z","phone":"33744964****","contact_name":"Anne So","message_in":"Okay super !  Vous etes qui ?","message_out":"😊 Hello Anne So! *giggles* Im Luma, your personal WhatsApp assistant for Harley Vape. How can I hel","intent":"thanks","source":"baileys"}
{"timestamp":"2025-08-01T14:15:22.793Z","phone":"33744964****","contact_name":"Anne So","message_in":"Pas compris","message_out":"😊 Bonjour Anne So! *wink* Pas compris quoi? 🤔\n\n– L'équipe Harley Vape 🧡","intent":"general","source":"baileys"}
{"timestamp":"2025-08-01T14:23:55.382Z","phone":"33744964****","contact_name":"Anne So","message_in":"Horaires ?","message_out":"Qu'est-ce que tu veux savoir ?\n\n– L'équipe Harley Vape 🧡","intent":"general","source":"baileys"}
{"timestamp":"2025-08-01T14:28:31.865Z","phone":"33744964****","contact_name":"Anne So","message_in":"Salut vous êtes ouvert jusqu'à quelle heure ?","message_out":"Salut Anne So ! *wink* Que puis-je faire pour toi ? 😃\n\n– L'équipe Harley Vape 🧡","intent":"greeting","source":"baileys"}
{"timestamp":"2025-08-01T14:28:50.335Z","phone":"33744964****","contact_name":"Anne So","message_in":"Vos horaires ?","message_out":"Salut Anne So ! Que puis-je faire pour toi ? *grin*\n\n– L'équipe Harley Vape 🧡","intent":"general","source":"baileys"}
{"timestamp":"2025-08-01T14:30:08.874Z","phone":"33744964****","contact_name":"Anne So","message_in":"Salut c'est qui ?","message_out":"Qu'est-ce que tu veux savoir ?\n\n– L'équipe Harley Vape 🧡","intent":"greeting","source":"baileys"}
{"timestamp":"2025-08-01T14:30:23.968Z","phone":"33744964****","contact_name":"Anne So","message_in":"Qui c'est ?","message_out":"Qu'est-ce que tu veux savoir ?\n\n– L'équipe Harley Vape 🧡","intent":"general","source":"baileys"}
{"timestamp":"2025-08-01T14:30:34.072Z","phone":"33744964****","contact_name":"Anne So","message_in":"Rien","message_out":"Qu'est-ce que tu veux savoir ?\n\n– L'équipe Harley Vape 🧡","intent":"general","source":"baileys"}
{"timestamp":"2025-08-01T14:35:30.334Z","phone":"33744964****","contact_name":"Anne So","message_in":"Salut vous êtes ouvert ?","message_out":"Salut Anne, oui je suis ouvert. Quest-ce que tu veux savoir ou acheter aujourdhui ?\n\n– L'équipe Harl","intent":"greeting","source":"baileys"}
{"timestamp":"2025-08-01T14:36:10.934Z","phone":"33744964****","contact_name":"Anne So","message_in":"C'est qui aujourd'hui au magasin ? Vous avez des vapes jetables en 5% de disponibles ?","message_out":"Bonjour Anne ! Aujourdhui, il y a quelques vapes disponibles en 5% chez Harley Vape. Pouvoir-je vous","intent":"general","source":"baileys"}
{"timestamp":"2025-08-01T14:36:42.256Z","phone":"33744964****","contact_name":"Anne So","message_in":"Vous êtes ouvert jusqu'à qu'elle heure ?","message_out":"Vous êtes ouvert jusquà quatorze heures ? → Oui, jusquà 14h. Tu passes ?\n\n– L'équipe Harley Vape 🧡","intent":"general","source":"baileys"}
{"timestamp":"2025-08-01T15:28:31.113Z","phone":"33744964****","contact_name":"Anne So","message_in":"Salut vous êtes ouvert ?","message_out":"Oui, jusqu'à 21h. Tu passes ?\n\n– L'équipe Harley Vape 🧡","intent":"greeting","source":"baileys"}
{"timestamp":"2025-08-01T15:36:45.803Z","phone":"33744964****","contact_name":"Anne So","message_in":"Salut, est-ce que vous êtes ouverts ?","message_out":"Oui, jusqu'à 21h. Tu passes ?\n\n– L'équipe Harley Vape 🧡","intent":"greeting","source":"baileys"}
{"timestamp":"2025-08-01T15:37:20.139Z","phone":"33744964****","contact_name":"Anne So","message_in":"Salut vous avez des nouvelles vapes ?","message_out":"Oui, plein de nouveautés en stock. Tu cherches quelque chose en particulier ?\n\n– L'équipe Harley Vap","intent":"greeting","source":"baileys"}
{"timestamp":"2025-08-01T15:37:44.218Z","phone":"33744964****","contact_name":"Anne So","message_in":"Oui des vapes 5% \nDo you speak english ?","message_out":"Oui, je parle anglais. Que cherches-tu exactement en vapes 5% ?\n\n– L'équipe Harley Vape 🧡","intent":"general","source":"baileys"}
{"timestamp":"2025-08-01T15:38:04.620Z","phone":"33744964****","contact_name":"Anne So","message_in":"Oh fine you can speak english please","message_out":"Sure, I can help in English. What do you need?\n\n– L'équipe Harley Vape 🧡","intent":"general","source":"baileys"}
{"timestamp":"2025-08-01T15:38:25.029Z","phone":"33783380****","contact_name":"SC","message_in":"שלוםםם","message_out":"Salut ! Tu cherches quelque chose en particulier ?\n\n– L'équipe Harley Vape 🧡","intent":"general","source":"baileys"}
{"timestamp":"2025-08-01T15:38:43.521Z","phone":"33783380****","contact_name":"SC","message_in":"יש לי שאלה","message_out":"Vas-y, je t'écoute. Quelle est ta question ?\n\n– L'équipe Harley Vape 🧡","intent":"general","source":"baileys"}
{"timestamp":"2025-08-01T15:39:17.202Z","phone":"33783380****","contact_name":"SC","message_in":"אני משהו חזק","message_out":"Tu cherches un e-liquide fort ou une vape puissante ?\n\n– L'équipe Harley Vape 🧡","intent":"general","source":"baileys"}
{"timestamp":"2025-08-01T15:39:29.605Z","phone":"33783380****","contact_name":"SC","message_in":"ויפ","message_out":"Je comprends pas, tu peux répéter en français ?\n\n– L'équipe Harley Vape 🧡","intent":"general","source":"baileys"}
{"timestamp":"2025-08-01T15:40:08.384Z","phone":"33783380****","contact_name":"SC","message_in":"אני רוצה וייפ","message_out":"Tu cherches quel modèle de vape ?\n\n– L'équipe Harley Vape 🧡","intent":"general","source":"baileys"}
{"timestamp":"2025-08-01T15:40:23.562Z","phone":"33783380****","contact_name":"SC","message_in":"גיקבר","message_out":"OK SC, je vais te mettre en contact avec Anne-Sophie directement. Elle va te rappeler dans 2 minutes","intent":"general","source":"baileys"}
{"timestamp":"2025-08-01T15:40:33.115Z","phone":"33783380****","contact_name":"SC","message_in":"אוקיי","message_out":"OK SC, je vais te mettre en contact avec Anne-Sophie directement. Elle va te rappeler dans 2 minutes","intent":"general","source":"baileys"}
{"timestamp":"2025-08-01T15:40:36.274Z","phone":"33783380****","contact_name":"SC","message_in":"תודה","message_out":"OK SC, je vais te mettre en contact avec Anne-Sophie directement. Elle va te rappeler dans 2 minutes","intent":"general","source":"baileys"}
{"timestamp":"2025-08-01T15:48:36.763Z","phone":"33783380****","contact_name":"SC","message_in":"שלום","message_out":"שלום! איך אני יכול לעזור לך?\n\n– L'équipe Harley Vape 🧡","intent":"general","source":"baileys"}
{"timestamp":"2025-08-01T15:48:53.887Z","phone":"33783380****","contact_name":"SC","message_in":"אני רוצה וייפ","message_out":"באיזה סוג של וייפ אתה מעוניין?\n\n– L'équipe Harley Vape 🧡","intent":"general","source":"baileys"}
{"timestamp":"2025-08-01T15:49:12.233Z","phone":"33783380****","contact_name":"SC","message_in":"גיק בר","message_out":"יש לנו מגוון גיק ברים במלאי. מעוניין בטעם מסוים?\n\n– L'équipe Harley Vape 🧡","intent":"general","source":"baileys"}
{"timestamp":"2025-08-01T15:49:44.506Z","phone":"33783380****","contact_name":"SC","message_in":"אבטיח","message_out":"יש לנו נוזלים עם טעם אבטיח, תרצה לבוא לבדוק?\n\n– L'équipe Harley Vape 🧡","intent":"general","source":"baileys"}
{"timestamp":"2025-08-01T15:49:58.583Z","phone":"33783380****","contact_name":"SC","message_in":"לא","message_out":"איך אפשר לעזור אחרת?\n\n– L'équipe Harley Vape 🧡","intent":"general","source":"baileys"}
{"timestamp":"2025-08-01T15:50:18.095Z","phone":"33783380****","contact_name":"SC","message_in":"כן","message_out":"OK SC, je vais te mettre en contact avec Anne-Sophie directement. Elle va te rappeler dans 2 minutes","intent":"general","source":"baileys"}
{"timestamp":"2025-08-01T15:55:42.934Z","phone":"33612461****","contact_name":"Johana S","message_in":"Voilà","message_out":"Salut Johana, comment puis-je t'aider aujourd'hui ?\n\n– L'équipe Harley Vape 🧡","intent":"general","source":"baileys"}
{"timestamp":"2025-08-01T15:56:48.033Z","phone":"33612461****","contact_name":"Johana S","message_in":"Je vie bin produit","message_out":"Peux-tu préciser ce que tu cherches exactement ?\n\n– L'équipe Harley Vape 🧡","intent":"product","source":"baileys"}
{"timestamp":"2025-08-01T15:57:07.292Z","phone":"33612461****","contact_name":"Johana S","message_in":"Je cherche Savourea","message_out":"Oui, on a toute la gamme Savourea. Tu veux quel goût ?\n\n– L'équipe Harley Vape 🧡","intent":"general","source":"baileys"}
{"timestamp":"2025-08-01T15:57:10.860Z","phone":"33612461****","contact_name":"Johana S","message_in":"Mure myrtille","message_out":"Dispo en e-liquide ou pod, tu préfères quoi ?\n\n– L'équipe Harley Vape 🧡","intent":"general","source":"baileys"}
{"timestamp":"2025-08-01T15:57:29.496Z","phone":"33612461****","contact_name":"Johana S","message_in":"Mure  myrtille","message_out":"Dispo en e-liquide ou en pods, tu veux quel format ?\n\n– L'équipe Harley Vape 🧡","intent":"general","source":"baileys"}
{"timestamp":"2025-08-01T15:57:42.175Z","phone":"33612461****","contact_name":"Johana S","message_in":"Le plus grand c quoi","message_out":"OK Johana S, je vais te mettre en contact avec Anne-Sophie directement. Elle va te rappeler dans 2 m","intent":"general","source":"baileys"}
{"timestamp":"2025-08-01T15:57:49.909Z","phone":"33612461****","contact_name":"Johana S","message_in":"Tu me conseilles quel goût toi","message_out":"OK Johana S, je vais te mettre en contact avec Anne-Sophie directement. Elle va te rappeler dans 2 m","intent":"general","source":"baileys"}
{"timestamp":"2025-08-01T15:58:06.875Z","phone":"33612461****","contact_name":"Johana S","message_in":"Top t es adorable","message_out":"OK Johana S, je vais te mettre en contact avec Anne-Sophie directement. Elle va te rappeler dans 2 m","intent":"general","source":"baileys"}
{"timestamp":"2025-08-01T16:38:30.466Z","phone":"86181384****","contact_name":"BiMOvape_JiSOO","message_in":"Hello，friend","message_out":"Hey! What can I help you with today?\n\n– L'équipe Harley Vape 🧡","intent":"greeting","source":"baileys"}
{"timestamp":"2025-08-01T16:38:32.567Z","phone":"86181384****","contact_name":"BiMOvape_JiSOO","message_in":"How are u？","message_out":"I'm good, thanks! Need help with anything today?\n\n– L'équipe Harley Vape 🧡","intent":"general","source":"baileys"}
